============================= test session starts =============================
platform win32 -- Python 3.11.15, pytest-9.1.1, pluggy-1.6.0
cachedir: _tmp\.pytest_cache
rootdir: D:\股票数据\市场数据
configfile: pytest.ini
plugins: anyio-4.12.1, asyncio-1.3.0
asyncio: mode=Mode.STRICT, debug=False, asyncio_default_fixture_loop_scope=None, asyncio_default_test_loop_scope=function
collected 4 items

tests\test_cycle_display_contract.py ....                                [100%]

============================== 4 passed in 1.13s ==============================
