============================= test session starts =============================
platform win32 -- Python 3.11.15, pytest-9.1.1, pluggy-1.6.0
cachedir: _tmp\.pytest_cache
rootdir: D:\股票数据\市场数据
configfile: pytest.ini
plugins: anyio-4.12.1, asyncio-1.3.0
asyncio: mode=Mode.STRICT, debug=False, asyncio_default_fixture_loop_scope=None, asyncio_default_test_loop_scope=function
collected 11 items

tests\test_review_pages_hero_golden.py ........                          [ 72%]
tests\test_review_pages_v42_production.py ...                            [100%]

============================= 11 passed in 11.45s =============================
