============================= test session starts =============================
platform win32 -- Python 3.12.13, pytest-9.1.1, pluggy-1.6.0
cachedir: _tmp\.pytest_cache
rootdir: D:\股票数据\市场数据
configfile: pytest.ini
collected 375 items / 1 deselected / 374 selected

tests\test_browser_port_readiness.py .......                             [  1%]
tests\test_capability_adapters.py ....                                   [  2%]
tests\test_cognition_full_update.py ....                                 [  4%]
tests\test_consistency_c2_date_source.py ..............                  [  7%]
tests\test_consistency_c3_diagnostic.py .                                [  8%]
tests\test_consistency_c4_historical.py ....                             [  9%]
tests\test_cycle_display_contract.py ......                              [ 10%]
tests\test_gate_repair_followup.py ...FF.                                [ 12%]
tests\test_gate_repair_scoped.py .....                                   [ 13%]
tests\test_historical_input_manifest.py .                                [ 13%]
tests\test_jsonl去重门禁.py .......................                      [ 20%]
tests\test_leading_card.py .....                                         [ 21%]
tests\test_leading_component_readonly.py .                               [ 21%]
tests\test_lhb_dual_source_and_risk_source.py ....                       [ 22%]
tests\test_lhb_page_restore.py .....                                     [ 24%]
tests\test_master指派承接防复发.py ....                                  [ 25%]
tests\test_no_data_boundary_route.py ...                                 [ 25%]
tests\test_p1_p2_capability_gate.py ..                                   [ 26%]
tests\test_p2_entrypoints.py ..                                          [ 27%]
tests\test_p3_production_gate.py ..                                      [ 27%]
tests\test_release_deploy.py ..                                          [ 28%]
tests\test_release_entrypoint.py ....                                    [ 29%]
tests\test_review_auxiliary.py .                                         [ 29%]
tests\test_review_eval_calibration.py ....................               [ 34%]
tests\test_review_eval_compare.py .....................                  [ 40%]
tests\test_review_eval_freeze.py ...............                         [ 44%]
tests\test_review_eval_hardening.py .............                        [ 47%]
tests\test_review_eval_prompt.py .                                       [ 48%]
tests\test_review_eval_runner.py ................                        [ 52%]
tests\test_review_learning_cognition.py .....                            [ 53%]
tests\test_review_learning_consumers.py ....                             [ 54%]
tests\test_review_learning_contract.py ....                              [ 55%]
tests\test_review_learning_legacy.py ......                              [ 57%]
tests\test_review_learning_predictions.py ....                           [ 58%]
tests\test_review_learning_responses.py ..                               [ 59%]
tests\test_review_learning_safety.py ........                            [ 61%]
tests\test_review_pages.py ....                                          [ 62%]
tests\test_review_pages_0831.py ...                                      [ 63%]
tests\test_review_pages_facts.py ......                                  [ 64%]
tests\test_review_pages_hero_golden.py ......F.                          [ 66%]
tests\test_review_pages_layout.py ........                               [ 68%]
tests\test_review_pages_legacy.py .......                                [ 70%]
tests\test_review_pages_reco_wiring.py .......F                          [ 72%]
tests\test_review_pages_review.py ...............                        [ 77%]
tests\test_review_pages_structured.py ........                           [ 79%]
tests\test_review_pages_v42_production.py ...                            [ 79%]
tests\test_review_publish.py ........................                    [ 86%]
tests\test_review_publish_r1.py ................                         [ 90%]
tests\test_review_publish_sync.py .........                              [ 93%]
tests\test_review_publish_watch_r1.py ...                                [ 93%]
tests\test_stability_history_gates.py ..                                 [ 94%]
tests\test_theme_freeze.py ....                                          [ 95%]
tests\test_串行拉取.py ....                                              [ 96%]
tests\test_交易计划断供防复发.py .....                                   [ 97%]
tests\test_席位反思jsonl.py ....                                         [ 98%]
tests\test_席位荐票结算链路.py ....                                      [100%]

================================== FAILURES ===================================
_________________ test_cycle_missing_judgment_remains_honest __________________
tests\test_gate_repair_followup.py:32: in test_cycle_missing_judgment_remains_honest
    assert result['status']=='pass',result['errors']
E   AssertionError: ['sentinel exit=1, baseline_ok=False, checks=24', 'missing component VOTEBOARD']
E   assert 'fail' == 'pass'
E     
E     - pass
E     + fail
__________ test_cycle_body_day_omits_machine_components_and_anchors ___________
tests\test_gate_repair_followup.py:47: in test_cycle_body_day_omits_machine_components_and_anchors
    assert {c['id'] for c in model.get('components',[])}.isdisjoint({'VOLSTEP','LEADIND','VOTEBOARD','LADDER'})
E   AssertionError: assert False
E    +  where False = <built-in method isdisjoint of set object at 0x000001FAEB068C80>({'LADDER', 'LEADIND', 'VOLSTEP', 'VOTEBOARD'})
E    +    where <built-in method isdisjoint of set object at 0x000001FAEB068C80> = {'LADDER', 'LEADIND', 'MACHVOTE', 'VOLSTEP'}.isdisjoint
_ test_every_route_hero_matches_golden_hierarchy_without_evidence_link[limitup] _
tests\test_review_pages_hero_golden.py:35: in test_every_route_hero_matches_golden_hierarchy_without_evidence_link
    rendered = mod._render(model, mod._contract())
               ^^^^^^^^^^^^^^^^^^^^^^^^^^^^^^^^^^^
review_pages.py:1571: in _render
    mt_path = root / '_学习' / '_市场温度表.json'
              ^^^^^^^^^^^^
E   TypeError: unsupported operand type(s) for /: 'NoneType' and 'str'
__________________ test_p1_revalidation_matches_dom_for_reco __________________
tests\test_review_pages_reco_wiring.py:171: in test_p1_revalidation_matches_dom_for_reco
    assert view['status'] == 'pass', (route, d, view['errors'])
E   AssertionError: ('theme', '20260909', ['missing claim DOM: theme-37b567943bc080a8', 'missing claim DOM: theme-169cefc467ead577', 'missing claim DOM: theme-88e8a79ff8c71a89', 'missing claim DOM: theme-daeb2b5fef682e52'])
E   assert 'fail' == 'pass'
E     
E     - pass
E     + fail
=========================== short test summary info ===========================
FAILED tests/test_gate_repair_followup.py::test_cycle_missing_judgment_remains_honest
FAILED tests/test_gate_repair_followup.py::test_cycle_body_day_omits_machine_components_and_anchors
FAILED tests/test_review_pages_hero_golden.py::test_every_route_hero_matches_golden_hierarchy_without_evidence_link[limitup]
FAILED tests/test_review_pages_reco_wiring.py::test_p1_revalidation_matches_dom_for_reco
=========== 4 failed, 370 passed, 1 deselected in 331.56s (0:05:31) ===========
